[debug] [2021-09-23T07:11:29.561Z] ----------------------------------------------------------------------
[debug] [2021-09-23T07:11:29.564Z] Command:       C:\Program Files\nodejs\node.exe C:\Users\admin\AppData\Roaming\npm\node_modules\firebase-tools\lib\bin\firebase.js init
[debug] [2021-09-23T07:11:29.564Z] CLI Version:   9.18.0
[debug] [2021-09-23T07:11:29.565Z] Platform:      win32
[debug] [2021-09-23T07:11:29.565Z] Node Version:  v15.1.0
[debug] [2021-09-23T07:11:29.566Z] Time:          Thu Sep 23 2021 12:41:29 GMT+0530 (India Standard Time)
[debug] [2021-09-23T07:11:29.567Z] ----------------------------------------------------------------------
[debug] 
[debug] [2021-09-23T07:11:29.590Z] > command requires scopes: ["email","openid","https://www.googleapis.com/auth/cloudplatformprojects.readonly","https://www.googleapis.com/auth/firebase","https://www.googleapis.com/auth/cloud-platform"]
[debug] [2021-09-23T07:11:29.590Z] > authorizing via signed-in user (mokkshbhatt@gmail.com)
[info] 
     ######## #### ########  ######## ########     ###     ######  ########
     ##        ##  ##     ## ##       ##     ##  ##   ##  ##       ##
     ######    ##  ########  ######   ########  #########  ######  ######
     ##        ##  ##    ##  ##       ##     ## ##     ##       ## ##
     ##       #### ##     ## ######## ########  ##     ##  ######  ########

You're about to initialize a Firebase project in this directory:

  C:\Users\admin\Documents\Mitwa website

[info] 
=== Project Setup
[info] 
[info] First, let's associate this project directory with a Firebase project.
[info] You can create multiple project aliases by running firebase use --add, 
[info] but for now we'll just set up a default project.
[info] 
[debug] [2021-09-23T07:13:20.045Z] >>> [apiv2][query] GET https://firebase.googleapis.com/v1beta1/projects pageSize=100
[debug] [2021-09-23T07:13:25.035Z] <<< [apiv2][status] GET https://firebase.googleapis.com/v1beta1/projects 200
[debug] [2021-09-23T07:13:25.036Z] <<< [apiv2][body] GET https://firebase.googleapis.com/v1beta1/projects [omitted]
[info] i  Using project mitwa-48f30 (Mitwa) 
[info] 
=== Hosting:github Setup
[info] 
[info] i  Detected a .git folder at C:\Users\admin 
[info] i  Authorizing with GitHub to upload your service account to a GitHub repository's secrets store. 
[info] 
[info] Visit this URL on this device to log in:
[info] https://github.com/login/oauth/authorize?client_id=89cf50f02ac6aaed3484&state=406327447&redirect_uri=http%3A%2F%2Flocalhost%3A9005&scope=read%3Auser%20repo%20public_repo
[info] 
[info] Waiting for authentication...
[debug] [2021-09-23T07:14:14.154Z] >>> HTTP REQUEST POST https://github.com/login/oauth/access_token  
 {"client_id":"89cf50f02ac6aaed3484","client_secret":"3330d14abc895d9a74d5f17cd7a00711fa2c5bf0","code":"8e3aaff3db8587f44920","redirect_uri":"http://localhost:9005","state":"406327447"}
[debug] [2021-09-23T07:14:14.492Z] <<< HTTP RESPONSE 200 {"server":"GitHub.com","date":"Thu, 23 Sep 2021 07:14:19 GMT","content-type":"application/json; charset=utf-8","transfer-encoding":"chunked","vary":"X-PJAX, X-PJAX-Container, Accept-Encoding, Accept, X-Requested-With","permissions-policy":"interest-cohort=()","etag":"W/\"db80cc93f258ca292fec4e0fd8f764ef\"","cache-control":"max-age=0, private, must-revalidate","strict-transport-security":"max-age=31536000; includeSubdomains; preload","x-frame-options":"deny","x-content-type-options":"nosniff","x-xss-protection":"0","referrer-policy":"origin-when-cross-origin, strict-origin-when-cross-origin","expect-ct":"max-age=2592000, report-uri=\"https://api.github.com/_private/browser/errors\"","content-security-policy":"default-src 'none'; base-uri 'self'; block-all-mixed-content; child-src github.githubassets.com; connect-src 'self' uploads.github.com www.githubstatus.com collector.githubapp.com api.github.com github-cloud.s3.amazonaws.com github-production-repository-file-5c1aeb.s3.amazonaws.com github-production-upload-manifest-file-7fdce7.s3.amazonaws.com github-production-user-asset-6210df.s3.amazonaws.com cdn.optimizely.com logx.optimizely.com/v1/events translator.github.com wss://alive.github.com; font-src github.githubassets.com; form-action 'self' github.com gist.github.com; frame-ancestors 'none'; frame-src render.githubusercontent.com viewscreen.githubusercontent.com; img-src 'self' data: github.githubassets.com identicons.github.com collector.githubapp.com github-cloud.s3.amazonaws.com secured-user-images.githubusercontent.com/ *.githubusercontent.com; manifest-src 'self'; media-src github.com user-images.githubusercontent.com/; script-src github.githubassets.com; style-src 'unsafe-inline' github.githubassets.com; worker-src github.githubassets.com github.com/socket-worker-0af8a29d.js gist.github.com/socket-worker-0af8a29d.js","x-github-request-id":"6D4E:23CE:4412D:81833:614C294B"}
[debug] [2021-09-23T07:14:14.681Z] >>> [apiv2][query] GET https://api.github.com/user [none]
[debug] [2021-09-23T07:14:15.044Z] <<< [apiv2][status] GET https://api.github.com/user 200
[debug] [2021-09-23T07:14:15.045Z] <<< [apiv2][body] GET https://api.github.com/user {"login":"Mokksh-bhatt","id":71543314,"node_id":"MDQ6VXNlcjcxNTQzMzE0","avatar_url":"https://avatars.githubusercontent.com/u/71543314?v=4","gravatar_id":"","url":"https://api.github.com/users/Mokksh-bhatt","html_url":"https://github.com/Mokksh-bhatt","followers_url":"https://api.github.com/users/Mokksh-bhatt/followers","following_url":"https://api.github.com/users/Mokksh-bhatt/following{/other_user}","gists_url":"https://api.github.com/users/Mokksh-bhatt/gists{/gist_id}","starred_url":"https://api.github.com/users/Mokksh-bhatt/starred{/owner}{/repo}","subscriptions_url":"https://api.github.com/users/Mokksh-bhatt/subscriptions","organizations_url":"https://api.github.com/users/Mokksh-bhatt/orgs","repos_url":"https://api.github.com/users/Mokksh-bhatt/repos","events_url":"https://api.github.com/users/Mokksh-bhatt/events{/privacy}","received_events_url":"https://api.github.com/users/Mokksh-bhatt/received_events","type":"User","site_admin":false,"name":null,"company":null,"blog":"","location":null,"email":null,"hireable":null,"bio":null,"twitter_username":null,"public_repos":32,"public_gists":0,"followers":0,"following":0,"created_at":"2020-09-19T06:53:51Z","updated_at":"2021-07-20T14:24:30Z","private_gists":0,"total_private_repos":0,"owned_private_repos":0,"disk_usage":31820,"collaborators":0,"two_factor_authentication":false,"plan":{"name":"free","space":976562499,"collaborators":0,"private_repos":10000}}
[info] 
[info] +  Success! Logged into GitHub as Mokksh-bhatt 
[info] 
